[debug] [2024-07-19T14:28:19.804Z] ----------------------------------------------------------------------
[debug] [2024-07-19T14:28:19.807Z] Command:       C:\Program Files\nodejs\node.exe C:\Users\Anurag Bose\AppData\Roaming\npm\node_modules\firebase-tools\lib\bin\firebase.js deploy
[debug] [2024-07-19T14:28:19.807Z] CLI Version:   13.13.1
[debug] [2024-07-19T14:28:19.807Z] Platform:      win32
[debug] [2024-07-19T14:28:19.807Z] Node Version:  v20.10.0
[debug] [2024-07-19T14:28:19.808Z] Time:          Fri Jul 19 2024 19:58:19 GMT+0530 (India Standard Time)
[debug] [2024-07-19T14:28:19.808Z] ----------------------------------------------------------------------
[debug] 
[debug] [2024-07-19T14:28:19.812Z] >>> [apiv2][query] GET https://firebase-public.firebaseio.com/cli.json [none]
[debug] [2024-07-19T14:28:19.957Z] > command requires scopes: ["email","openid","https://www.googleapis.com/auth/cloudplatformprojects.readonly","https://www.googleapis.com/auth/firebase","https://www.googleapis.com/auth/cloud-platform"]
[debug] [2024-07-19T14:28:19.958Z] > authorizing via signed-in user (anuragbasu039@gmail.com)
[debug] [2024-07-19T14:28:19.958Z] [iam] checking project adventurebuddy-web for permissions ["firebase.projects.get","firebasehosting.sites.update"]
[debug] [2024-07-19T14:28:19.958Z] >>> [apiv2][query] POST https://cloudresourcemanager.googleapis.com/v1/projects/adventurebuddy-web:testIamPermissions [none]
[debug] [2024-07-19T14:28:19.959Z] >>> [apiv2][(partial)header] POST https://cloudresourcemanager.googleapis.com/v1/projects/adventurebuddy-web:testIamPermissions x-goog-quota-user=projects/adventurebuddy-web
[debug] [2024-07-19T14:28:19.959Z] >>> [apiv2][body] POST https://cloudresourcemanager.googleapis.com/v1/projects/adventurebuddy-web:testIamPermissions {"permissions":["firebase.projects.get","firebasehosting.sites.update"]}
[debug] [2024-07-19T14:28:20.629Z] <<< [apiv2][status] GET https://firebase-public.firebaseio.com/cli.json 200
[debug] [2024-07-19T14:28:20.629Z] <<< [apiv2][body] GET https://firebase-public.firebaseio.com/cli.json {"cloudBuildErrorAfter":1594252800000,"cloudBuildWarnAfter":1590019200000,"defaultNode10After":1594252800000,"minVersion":"3.0.5","node8DeploysDisabledAfter":1613390400000,"node8RuntimeDisabledAfter":1615809600000,"node8WarnAfter":1600128000000}
[debug] [2024-07-19T14:28:21.370Z] <<< [apiv2][status] POST https://cloudresourcemanager.googleapis.com/v1/projects/adventurebuddy-web:testIamPermissions 401
[debug] [2024-07-19T14:28:21.371Z] <<< [apiv2][body] POST https://cloudresourcemanager.googleapis.com/v1/projects/adventurebuddy-web:testIamPermissions {"error":{"code":401,"message":"Request had invalid authentication credentials. Expected OAuth 2 access token, login cookie or other valid authentication credential. See https://developers.google.com/identity/sign-in/web/devconsole-project.","status":"UNAUTHENTICATED","details":[{"@type":"type.googleapis.com/google.rpc.ErrorInfo","reason":"ACCESS_TOKEN_TYPE_UNSUPPORTED","metadata":{"service":"cloudresourcemanager.googleapis.com","method":"google.cloudresourcemanager.v1.Projects.TestIamPermissions"}}]}}
[debug] [2024-07-19T14:28:21.371Z] [iam] error while checking permissions, command may fail: FirebaseError: HTTP Error: 401, Request had invalid authentication credentials. Expected OAuth 2 access token, login cookie or other valid authentication credential. See https://developers.google.com/identity/sign-in/web/devconsole-project.
[debug] [2024-07-19T14:28:21.372Z] >>> [apiv2][query] GET https://firebase.googleapis.com/v1beta1/projects/adventurebuddy-web [none]
[debug] [2024-07-19T14:28:21.736Z] <<< [apiv2][status] GET https://firebase.googleapis.com/v1beta1/projects/adventurebuddy-web 401
[debug] [2024-07-19T14:28:21.736Z] <<< [apiv2][body] GET https://firebase.googleapis.com/v1beta1/projects/adventurebuddy-web {"error":{"code":401,"message":"Request had invalid authentication credentials. Expected OAuth 2 access token, login cookie or other valid authentication credential. See https://developers.google.com/identity/sign-in/web/devconsole-project.","status":"UNAUTHENTICATED"}}
[debug] [2024-07-19T14:28:21.737Z] HTTP Error: 401, Request had invalid authentication credentials. Expected OAuth 2 access token, login cookie or other valid authentication credential. See https://developers.google.com/identity/sign-in/web/devconsole-project.
[error] 
[error] Error: Assertion failed: resolving hosting target of a site with no site name or target name. This should have caused an error earlier
[debug] [2024-07-19T15:06:07.250Z] ----------------------------------------------------------------------
[debug] [2024-07-19T15:06:07.256Z] Command:       C:\Program Files\nodejs\node.exe C:\Users\Anurag Bose\AppData\Roaming\npm\node_modules\firebase-tools\lib\bin\firebase.js deploy
[debug] [2024-07-19T15:06:07.257Z] CLI Version:   13.13.1
[debug] [2024-07-19T15:06:07.257Z] Platform:      win32
[debug] [2024-07-19T15:06:07.257Z] Node Version:  v20.10.0
[debug] [2024-07-19T15:06:07.257Z] Time:          Fri Jul 19 2024 20:36:07 GMT+0530 (India Standard Time)
[debug] [2024-07-19T15:06:07.258Z] ----------------------------------------------------------------------
[debug] 
[debug] [2024-07-19T15:06:07.339Z] > command requires scopes: ["email","openid","https://www.googleapis.com/auth/cloudplatformprojects.readonly","https://www.googleapis.com/auth/firebase","https://www.googleapis.com/auth/cloud-platform"]
[debug] [2024-07-19T15:06:07.340Z] > authorizing via signed-in user (anuragbasu039@gmail.com)
[debug] [2024-07-19T15:06:07.340Z] [iam] checking project adventurebuddy-web for permissions ["firebase.projects.get","firebasehosting.sites.update"]
[debug] [2024-07-19T15:06:07.342Z] >>> [apiv2][query] POST https://cloudresourcemanager.googleapis.com/v1/projects/adventurebuddy-web:testIamPermissions [none]
[debug] [2024-07-19T15:06:07.343Z] >>> [apiv2][(partial)header] POST https://cloudresourcemanager.googleapis.com/v1/projects/adventurebuddy-web:testIamPermissions x-goog-quota-user=projects/adventurebuddy-web
[debug] [2024-07-19T15:06:07.343Z] >>> [apiv2][body] POST https://cloudresourcemanager.googleapis.com/v1/projects/adventurebuddy-web:testIamPermissions {"permissions":["firebase.projects.get","firebasehosting.sites.update"]}
[debug] [2024-07-19T15:06:08.801Z] <<< [apiv2][status] POST https://cloudresourcemanager.googleapis.com/v1/projects/adventurebuddy-web:testIamPermissions 401
[debug] [2024-07-19T15:06:08.802Z] <<< [apiv2][body] POST https://cloudresourcemanager.googleapis.com/v1/projects/adventurebuddy-web:testIamPermissions {"error":{"code":401,"message":"Request had invalid authentication credentials. Expected OAuth 2 access token, login cookie or other valid authentication credential. See https://developers.google.com/identity/sign-in/web/devconsole-project.","status":"UNAUTHENTICATED","details":[{"@type":"type.googleapis.com/google.rpc.ErrorInfo","reason":"ACCESS_TOKEN_TYPE_UNSUPPORTED","metadata":{"method":"google.cloudresourcemanager.v1.Projects.TestIamPermissions","service":"cloudresourcemanager.googleapis.com"}}]}}
[debug] [2024-07-19T15:06:08.802Z] [iam] error while checking permissions, command may fail: FirebaseError: HTTP Error: 401, Request had invalid authentication credentials. Expected OAuth 2 access token, login cookie or other valid authentication credential. See https://developers.google.com/identity/sign-in/web/devconsole-project.
[debug] [2024-07-19T15:06:08.803Z] >>> [apiv2][query] GET https://firebase.googleapis.com/v1beta1/projects/adventurebuddy-web [none]
[debug] [2024-07-19T15:06:09.164Z] <<< [apiv2][status] GET https://firebase.googleapis.com/v1beta1/projects/adventurebuddy-web 401
[debug] [2024-07-19T15:06:09.164Z] <<< [apiv2][body] GET https://firebase.googleapis.com/v1beta1/projects/adventurebuddy-web {"error":{"code":401,"message":"Request had invalid authentication credentials. Expected OAuth 2 access token, login cookie or other valid authentication credential. See https://developers.google.com/identity/sign-in/web/devconsole-project.","status":"UNAUTHENTICATED"}}
[debug] [2024-07-19T15:06:09.164Z] HTTP Error: 401, Request had invalid authentication credentials. Expected OAuth 2 access token, login cookie or other valid authentication credential. See https://developers.google.com/identity/sign-in/web/devconsole-project.
[error] 
[error] Error: Assertion failed: resolving hosting target of a site with no site name or target name. This should have caused an error earlier
